This file contains any messages produced by compilers while
running configure, to aid debugging if configure makes a mistake.

It was created by openflow configure 1.3.0, which was
generated by GNU Autoconf 2.69.  Invocation command line was

  $ ./configure 

## --------- ##
## Platform. ##
## --------- ##

hostname = mininet-vm
uname -m = x86_64
uname -r = 3.5.0-17-generic
uname -s = Linux
uname -v = #28-Ubuntu SMP Tue Oct 9 19:31:23 UTC 2012

/usr/bin/uname -p = unknown
/bin/uname -X     = unknown

/bin/arch              = unknown
/usr/bin/arch -k       = unknown
/usr/convex/getsysinfo = unknown
/usr/bin/hostinfo      = unknown
/bin/machine           = unknown
/usr/bin/oslevel       = unknown
/bin/universe          = unknown

PATH: /usr/local/sbin
PATH: /usr/local/bin
PATH: /usr/sbin
PATH: /usr/bin
PATH: /sbin
PATH: /bin
PATH: /usr/games
PATH: /usr/local/games


## ----------- ##
## Core tests. ##
## ----------- ##

configure:2269: checking build number
configure:2285: result: none
configure:2346: checking for a BSD-compatible install
configure:2414: result: /usr/bin/install -c
configure:2425: checking whether build environment is sane
configure:2475: result: yes
configure:2616: checking for a thread-safe mkdir -p
configure:2655: result: /bin/mkdir -p
configure:2668: checking for gawk
configure:2698: result: no
configure:2668: checking for mawk
configure:2684: found /usr/bin/mawk
configure:2695: result: mawk
configure:2706: checking whether make sets $(MAKE)
configure:2728: result: yes
configure:2867: checking for g++
configure:2883: found /usr/bin/g++
configure:2894: result: g++
configure:2921: checking for C++ compiler version
configure:2930: g++ --version >&5
g++ (Ubuntu/Linaro 4.7.2-2ubuntu1) 4.7.2
Copyright (C) 2012 Free Software Foundation, Inc.
This is free software; see the source for copying conditions.  There is NO
warranty; not even for MERCHANTABILITY or FITNESS FOR A PARTICULAR PURPOSE.

configure:2941: $? = 0
configure:2930: g++ -v >&5
Using built-in specs.
COLLECT_GCC=g++
COLLECT_LTO_WRAPPER=/usr/lib/gcc/x86_64-linux-gnu/4.7/lto-wrapper
Target: x86_64-linux-gnu
Configured with: ../src/configure -v --with-pkgversion='Ubuntu/Linaro 4.7.2-2ubuntu1' --with-bugurl=file:///usr/share/doc/gcc-4.7/README.Bugs --enable-languages=c,c++,go,fortran,objc,obj-c++ --prefix=/usr --program-suffix=-4.7 --enable-shared --enable-linker-build-id --with-system-zlib --libexecdir=/usr/lib --without-included-gettext --enable-threads=posix --with-gxx-include-dir=/usr/include/c++/4.7 --libdir=/usr/lib --enable-nls --with-sysroot=/ --enable-clocale=gnu --enable-libstdcxx-debug --enable-libstdcxx-time=yes --enable-gnu-unique-object --enable-plugin --enable-objc-gc --disable-werror --with-arch-32=i686 --with-tune=generic --enable-checking=release --build=x86_64-linux-gnu --host=x86_64-linux-gnu --target=x86_64-linux-gnu
Thread model: posix
gcc version 4.7.2 (Ubuntu/Linaro 4.7.2-2ubuntu1) 
configure:2941: $? = 0
configure:2930: g++ -V >&5
g++: error: unrecognized command line option '-V'
g++: fatal error: no input files
compilation terminated.
configure:2941: $? = 4
configure:2930: g++ -qversion >&5
g++: error: unrecognized command line option '-qversion'
g++: fatal error: no input files
compilation terminated.
configure:2941: $? = 4
configure:2961: checking whether the C++ compiler works
configure:2983: g++    conftest.cpp  >&5
configure:2987: $? = 0
configure:3035: result: yes
configure:3038: checking for C++ compiler default output file name
configure:3040: result: a.out
configure:3046: checking for suffix of executables
configure:3053: g++ -o conftest    conftest.cpp  >&5
configure:3057: $? = 0
configure:3079: result: 
configure:3101: checking whether we are cross compiling
configure:3109: g++ -o conftest    conftest.cpp  >&5
configure:3113: $? = 0
configure:3120: ./conftest
configure:3124: $? = 0
configure:3139: result: no
configure:3144: checking for suffix of object files
configure:3166: g++ -c   conftest.cpp >&5
configure:3170: $? = 0
configure:3191: result: o
configure:3195: checking whether we are using the GNU C++ compiler
configure:3214: g++ -c   conftest.cpp >&5
configure:3214: $? = 0
configure:3223: result: yes
configure:3232: checking whether g++ accepts -g
configure:3252: g++ -c -g  conftest.cpp >&5
configure:3252: $? = 0
configure:3293: result: yes
configure:3327: checking for style of include used by make
configure:3355: result: GNU
configure:3381: checking dependency style of g++
configure:3492: result: gcc3
configure:3556: checking for gcc
configure:3572: found /usr/bin/gcc
configure:3583: result: gcc
configure:3812: checking for C compiler version
configure:3821: gcc --version >&5
gcc (Ubuntu/Linaro 4.7.2-2ubuntu1) 4.7.2
Copyright (C) 2012 Free Software Foundation, Inc.
This is free software; see the source for copying conditions.  There is NO
warranty; not even for MERCHANTABILITY or FITNESS FOR A PARTICULAR PURPOSE.

configure:3832: $? = 0
configure:3821: gcc -v >&5
Using built-in specs.
COLLECT_GCC=gcc
COLLECT_LTO_WRAPPER=/usr/lib/gcc/x86_64-linux-gnu/4.7/lto-wrapper
Target: x86_64-linux-gnu
Configured with: ../src/configure -v --with-pkgversion='Ubuntu/Linaro 4.7.2-2ubuntu1' --with-bugurl=file:///usr/share/doc/gcc-4.7/README.Bugs --enable-languages=c,c++,go,fortran,objc,obj-c++ --prefix=/usr --program-suffix=-4.7 --enable-shared --enable-linker-build-id --with-system-zlib --libexecdir=/usr/lib --without-included-gettext --enable-threads=posix --with-gxx-include-dir=/usr/include/c++/4.7 --libdir=/usr/lib --enable-nls --with-sysroot=/ --enable-clocale=gnu --enable-libstdcxx-debug --enable-libstdcxx-time=yes --enable-gnu-unique-object --enable-plugin --enable-objc-gc --disable-werror --with-arch-32=i686 --with-tune=generic --enable-checking=release --build=x86_64-linux-gnu --host=x86_64-linux-gnu --target=x86_64-linux-gnu
Thread model: posix
gcc version 4.7.2 (Ubuntu/Linaro 4.7.2-2ubuntu1) 
configure:3832: $? = 0
configure:3821: gcc -V >&5
gcc: error: unrecognized command line option '-V'
gcc: fatal error: no input files
compilation terminated.
configure:3832: $? = 4
configure:3821: gcc -qversion >&5
gcc: error: unrecognized command line option '-qversion'
gcc: fatal error: no input files
compilation terminated.
configure:3832: $? = 4
configure:3836: checking whether we are using the GNU C compiler
configure:3855: gcc -c   conftest.c >&5
configure:3855: $? = 0
configure:3864: result: yes
configure:3873: checking whether gcc accepts -g
configure:3893: gcc -c -g  conftest.c >&5
configure:3893: $? = 0
configure:3934: result: yes
configure:3951: checking for gcc option to accept ISO C89
configure:4014: gcc  -c -g -O2  conftest.c >&5
configure:4014: $? = 0
configure:4027: result: none needed
configure:4049: checking dependency style of gcc
configure:4160: result: gcc3
configure:4176: checking whether gcc and cc understand -c and -o together
configure:4207: gcc -c conftest.c -o conftest2.o >&5
configure:4211: $? = 0
configure:4217: gcc -c conftest.c -o conftest2.o >&5
configure:4221: $? = 0
configure:4232: cc -c conftest.c >&5
configure:4236: $? = 0
configure:4244: cc -c conftest.c -o conftest2.o >&5
configure:4248: $? = 0
configure:4254: cc -c conftest.c -o conftest2.o >&5
configure:4258: $? = 0
configure:4276: result: yes
configure:4306: checking how to run the C preprocessor
configure:4337: gcc -E  conftest.c
configure:4337: $? = 0
configure:4351: gcc -E  conftest.c
conftest.c:12:28: fatal error: ac_nonexistent.h: No such file or directory
compilation terminated.
configure:4351: $? = 1
configure: failed program was:
| /* confdefs.h */
| #define PACKAGE_NAME "openflow"
| #define PACKAGE_TARNAME "openflow"
| #define PACKAGE_VERSION "1.3.0"
| #define PACKAGE_STRING "openflow 1.3.0"
| #define PACKAGE_BUGREPORT "openflow-discuss@openflowswitch.org"
| #define PACKAGE_URL ""
| #define BUILDNR ""
| #define PACKAGE "openflow"
| #define VERSION "1.3.0"
| /* end confdefs.h.  */
| #include <ac_nonexistent.h>
configure:4376: result: gcc -E
configure:4396: gcc -E  conftest.c
configure:4396: $? = 0
configure:4410: gcc -E  conftest.c
conftest.c:12:28: fatal error: ac_nonexistent.h: No such file or directory
compilation terminated.
configure:4410: $? = 1
configure: failed program was:
| /* confdefs.h */
| #define PACKAGE_NAME "openflow"
| #define PACKAGE_TARNAME "openflow"
| #define PACKAGE_VERSION "1.3.0"
| #define PACKAGE_STRING "openflow 1.3.0"
| #define PACKAGE_BUGREPORT "openflow-discuss@openflowswitch.org"
| #define PACKAGE_URL ""
| #define BUILDNR ""
| #define PACKAGE "openflow"
| #define VERSION "1.3.0"
| /* end confdefs.h.  */
| #include <ac_nonexistent.h>
configure:4481: checking for ranlib
configure:4497: found /usr/bin/ranlib
configure:4508: result: ranlib
configure:4535: checking for perl
configure:4553: found /usr/bin/perl
configure:4566: result: /usr/bin/perl
configure:4580: checking for grep that handles long lines and -e
configure:4638: result: /bin/grep
configure:4643: checking for egrep
configure:4705: result: /bin/grep -E
configure:4710: checking for ANSI C header files
configure:4730: gcc -c -g -O2  conftest.c >&5
configure:4730: $? = 0
configure:4803: gcc -o conftest -g -O2   conftest.c  >&5
configure:4803: $? = 0
configure:4803: ./conftest
configure:4803: $? = 0
configure:4814: result: yes
configure:4827: checking for sys/types.h
configure:4827: gcc -c -g -O2  conftest.c >&5
configure:4827: $? = 0
configure:4827: result: yes
configure:4827: checking for sys/stat.h
configure:4827: gcc -c -g -O2  conftest.c >&5
configure:4827: $? = 0
configure:4827: result: yes
configure:4827: checking for stdlib.h
configure:4827: gcc -c -g -O2  conftest.c >&5
configure:4827: $? = 0
configure:4827: result: yes
configure:4827: checking for string.h
configure:4827: gcc -c -g -O2  conftest.c >&5
configure:4827: $? = 0
configure:4827: result: yes
configure:4827: checking for memory.h
configure:4827: gcc -c -g -O2  conftest.c >&5
configure:4827: $? = 0
configure:4827: result: yes
configure:4827: checking for strings.h
configure:4827: gcc -c -g -O2  conftest.c >&5
configure:4827: $? = 0
configure:4827: result: yes
configure:4827: checking for inttypes.h
configure:4827: gcc -c -g -O2  conftest.c >&5
configure:4827: $? = 0
configure:4827: result: yes
configure:4827: checking for stdint.h
configure:4827: gcc -c -g -O2  conftest.c >&5
configure:4827: $? = 0
configure:4827: result: yes
configure:4827: checking for unistd.h
configure:4827: gcc -c -g -O2  conftest.c >&5
configure:4827: $? = 0
configure:4827: result: yes
configure:4840: checking minix/config.h usability
configure:4840: gcc -c -g -O2  conftest.c >&5
conftest.c:55:26: fatal error: minix/config.h: No such file or directory
compilation terminated.
configure:4840: $? = 1
configure: failed program was:
| /* confdefs.h */
| #define PACKAGE_NAME "openflow"
| #define PACKAGE_TARNAME "openflow"
| #define PACKAGE_VERSION "1.3.0"
| #define PACKAGE_STRING "openflow 1.3.0"
| #define PACKAGE_BUGREPORT "openflow-discuss@openflowswitch.org"
| #define PACKAGE_URL ""
| #define BUILDNR ""
| #define PACKAGE "openflow"
| #define VERSION "1.3.0"
| #define STDC_HEADERS 1
| #define HAVE_SYS_TYPES_H 1
| #define HAVE_SYS_STAT_H 1
| #define HAVE_STDLIB_H 1
| #define HAVE_STRING_H 1
| #define HAVE_MEMORY_H 1
| #define HAVE_STRINGS_H 1
| #define HAVE_INTTYPES_H 1
| #define HAVE_STDINT_H 1
| #define HAVE_UNISTD_H 1
| /* end confdefs.h.  */
| #include <stdio.h>
| #ifdef HAVE_SYS_TYPES_H
| # include <sys/types.h>
| #endif
| #ifdef HAVE_SYS_STAT_H
| # include <sys/stat.h>
| #endif
| #ifdef STDC_HEADERS
| # include <stdlib.h>
| # include <stddef.h>
| #else
| # ifdef HAVE_STDLIB_H
| #  include <stdlib.h>
| # endif
| #endif
| #ifdef HAVE_STRING_H
| # if !defined STDC_HEADERS && defined HAVE_MEMORY_H
| #  include <memory.h>
| # endif
| # include <string.h>
| #endif
| #ifdef HAVE_STRINGS_H
| # include <strings.h>
| #endif
| #ifdef HAVE_INTTYPES_H
| # include <inttypes.h>
| #endif
| #ifdef HAVE_STDINT_H
| # include <stdint.h>
| #endif
| #ifdef HAVE_UNISTD_H
| # include <unistd.h>
| #endif
| #include <minix/config.h>
configure:4840: result: no
configure:4840: checking minix/config.h presence
configure:4840: gcc -E  conftest.c
conftest.c:22:26: fatal error: minix/config.h: No such file or directory
compilation terminated.
configure:4840: $? = 1
configure: failed program was:
| /* confdefs.h */
| #define PACKAGE_NAME "openflow"
| #define PACKAGE_TARNAME "openflow"
| #define PACKAGE_VERSION "1.3.0"
| #define PACKAGE_STRING "openflow 1.3.0"
| #define PACKAGE_BUGREPORT "openflow-discuss@openflowswitch.org"
| #define PACKAGE_URL ""
| #define BUILDNR ""
| #define PACKAGE "openflow"
| #define VERSION "1.3.0"
| #define STDC_HEADERS 1
| #define HAVE_SYS_TYPES_H 1
| #define HAVE_SYS_STAT_H 1
| #define HAVE_STDLIB_H 1
| #define HAVE_STRING_H 1
| #define HAVE_MEMORY_H 1
| #define HAVE_STRINGS_H 1
| #define HAVE_INTTYPES_H 1
| #define HAVE_STDINT_H 1
| #define HAVE_UNISTD_H 1
| /* end confdefs.h.  */
| #include <minix/config.h>
configure:4840: result: no
configure:4840: checking for minix/config.h
configure:4840: result: no
configure:4861: checking whether it is safe to define __EXTENSIONS__
configure:4879: gcc -c -g -O2  conftest.c >&5
configure:4879: $? = 0
configure:4886: result: yes
configure:4919: checking for linux/netlink.h
configure:4919: gcc -c -g -O2  conftest.c >&5
configure:4919: $? = 0
configure:4919: result: yes
configure:4997: checking for pkg-config
configure:5015: found /usr/bin/pkg-config
configure:5027: result: /usr/bin/pkg-config
configure:5052: checking pkg-config is at least version 0.9.0
configure:5055: result: yes
configure:5183: checking for dladdr in -ldl
configure:5208: gcc -o conftest -g -O2   conftest.c -ldl   >&5
configure:5208: $? = 0
configure:5217: result: yes
configure:5224: checking for connect in -lsocket
configure:5249: gcc -o conftest -g -O2   conftest.c -lsocket   >&5
/usr/bin/ld: cannot find -lsocket
collect2: error: ld returned 1 exit status
configure:5249: $? = 1
configure: failed program was:
| /* confdefs.h */
| #define PACKAGE_NAME "openflow"
| #define PACKAGE_TARNAME "openflow"
| #define PACKAGE_VERSION "1.3.0"
| #define PACKAGE_STRING "openflow 1.3.0"
| #define PACKAGE_BUGREPORT "openflow-discuss@openflowswitch.org"
| #define PACKAGE_URL ""
| #define BUILDNR ""
| #define PACKAGE "openflow"
| #define VERSION "1.3.0"
| #define STDC_HEADERS 1
| #define HAVE_SYS_TYPES_H 1
| #define HAVE_SYS_STAT_H 1
| #define HAVE_STDLIB_H 1
| #define HAVE_STRING_H 1
| #define HAVE_MEMORY_H 1
| #define HAVE_STRINGS_H 1
| #define HAVE_INTTYPES_H 1
| #define HAVE_STDINT_H 1
| #define HAVE_UNISTD_H 1
| #define __EXTENSIONS__ 1
| #define _ALL_SOURCE 1
| #define _GNU_SOURCE 1
| #define _POSIX_PTHREAD_SEMANTICS 1
| #define _TANDEM_SOURCE 1
| #define HAVE_NETLINK 1
| /* end confdefs.h.  */
| 
| /* Override any GCC internal prototype to avoid an error.
|    Use char because int might match the return type of a GCC
|    builtin and then its argument prototype would still apply.  */
| #ifdef __cplusplus
| extern "C"
| #endif
| char connect ();
| int
| main ()
| {
| return connect ();
|   ;
|   return 0;
| }
configure:5258: result: no
configure:5269: checking for library containing gethostbyname
configure:5300: gcc -o conftest -g -O2   conftest.c  >&5
configure:5300: $? = 0
configure:5317: result: none required
configure:5352: checking whether libc supports hooks for malloc and related functions
configure:5371: gcc -c -g -O2  conftest.c >&5
conftest.c: In function 'main':
conftest.c:33:1: warning: '__malloc_hook' is deprecated (declared at /usr/include/malloc.h:176) [-Wdeprecated-declarations]
conftest.c:34:11: warning: '__realloc_hook' is deprecated (declared at /usr/include/malloc.h:179) [-Wdeprecated-declarations]
conftest.c:35:11: warning: '__free_hook' is deprecated (declared at /usr/include/malloc.h:173) [-Wdeprecated-declarations]
configure:5371: $? = 0
configure:5378: result: yes
configure:5397: checking for strlcpy
configure:5397: gcc -o conftest -g -O2   conftest.c  >&5
/tmp/ccrzxjtb.o: In function `main':
/home/mininet/of13ofswitch.bme/conftest.c:63: undefined reference to `strlcpy'
collect2: error: ld returned 1 exit status
configure:5397: $? = 1
configure: failed program was:
| /* confdefs.h */
| #define PACKAGE_NAME "openflow"
| #define PACKAGE_TARNAME "openflow"
| #define PACKAGE_VERSION "1.3.0"
| #define PACKAGE_STRING "openflow 1.3.0"
| #define PACKAGE_BUGREPORT "openflow-discuss@openflowswitch.org"
| #define PACKAGE_URL ""
| #define BUILDNR ""
| #define PACKAGE "openflow"
| #define VERSION "1.3.0"
| #define STDC_HEADERS 1
| #define HAVE_SYS_TYPES_H 1
| #define HAVE_SYS_STAT_H 1
| #define HAVE_STDLIB_H 1
| #define HAVE_STRING_H 1
| #define HAVE_MEMORY_H 1
| #define HAVE_STRINGS_H 1
| #define HAVE_INTTYPES_H 1
| #define HAVE_STDINT_H 1
| #define HAVE_UNISTD_H 1
| #define __EXTENSIONS__ 1
| #define _ALL_SOURCE 1
| #define _GNU_SOURCE 1
| #define _POSIX_PTHREAD_SEMANTICS 1
| #define _TANDEM_SOURCE 1
| #define HAVE_NETLINK 1
| #define HAVE_MALLOC_HOOKS 1
| /* end confdefs.h.  */
| /* Define strlcpy to an innocuous variant, in case <limits.h> declares strlcpy.
|    For example, HP-UX 11i <limits.h> declares gettimeofday.  */
| #define strlcpy innocuous_strlcpy
| 
| /* System header to define __stub macros and hopefully few prototypes,
|     which can conflict with char strlcpy (); below.
|     Prefer <limits.h> to <assert.h> if __STDC__ is defined, since
|     <limits.h> exists even on freestanding compilers.  */
| 
| #ifdef __STDC__
| # include <limits.h>
| #else
| # include <assert.h>
| #endif
| 
| #undef strlcpy
| 
| /* Override any GCC internal prototype to avoid an error.
|    Use char because int might match the return type of a GCC
|    builtin and then its argument prototype would still apply.  */
| #ifdef __cplusplus
| extern "C"
| #endif
| char strlcpy ();
| /* The GNU C library defines this for functions which it implements
|     to always fail with ENOSYS.  Some functions are actually named
|     something starting with __ and the normal name is an alias.  */
| #if defined __stub_strlcpy || defined __stub___strlcpy
| choke me
| #endif
| 
| int
| main ()
| {
| return strlcpy ();
|   ;
|   return 0;
| }
configure:5397: result: no
configure:5406: checking net/if_packet.h usability
configure:5406: gcc -c -g -O2  conftest.c >&5
configure:5406: $? = 0
configure:5406: result: yes
configure:5406: checking net/if_packet.h presence
configure:5406: gcc -E  conftest.c
configure:5406: $? = 0
configure:5406: result: yes
configure:5406: checking for net/if_packet.h
configure:5406: result: yes
configure:5583: checking for special C compiler options needed for large files
configure:5628: result: no
configure:5634: checking for _FILE_OFFSET_BITS value needed for large files
configure:5659: gcc -c -g -O2  conftest.c >&5
configure:5659: $? = 0
configure:5691: result: no
configure:5777: checking for nbGetLastError in -lnbee
configure:5802: gcc -o conftest -g -O2   conftest.c -lnbee   >&5
configure:5802: $? = 0
configure:5811: result: yes
configure:5825: checking for strsignal
configure:5825: gcc -o conftest -g -O2   conftest.c -lnbee  >&5
configure:5825: $? = 0
configure:5825: result: yes
configure:5841: checking for dpkg-buildpackage
configure:5857: found /usr/bin/dpkg-buildpackage
configure:5869: result: yes
configure:5887: checking whether gcc accepts -Wall
configure:5905: gcc -c -g -O2 -Wall  conftest.c >&5
configure:5905: $? = 0
configure:5913: result: yes
configure:5922: checking whether gcc accepts -Wno-sign-compare
configure:5940: gcc -c -g -O2 -Wall -Wno-sign-compare  conftest.c >&5
configure:5940: $? = 0
configure:5948: result: yes
configure:5957: checking whether gcc accepts -Wpointer-arith
configure:5975: gcc -c -g -O2 -Wall -Wno-sign-compare -Wpointer-arith  conftest.c >&5
configure:5975: $? = 0
configure:5983: result: yes
configure:5992: checking whether gcc accepts -Wdeclaration-after-statement
configure:6010: gcc -c -g -O2 -Wall -Wno-sign-compare -Wpointer-arith -Wdeclaration-after-statement  conftest.c >&5
configure:6010: $? = 0
configure:6018: result: yes
configure:6027: checking whether gcc accepts -Wformat-security
configure:6045: gcc -c -g -O2 -Wall -Wno-sign-compare -Wpointer-arith -Wdeclaration-after-statement -Wformat-security  conftest.c >&5
configure:6045: $? = 0
configure:6053: result: yes
configure:6062: checking whether gcc accepts -Wswitch-enum
configure:6080: gcc -c -g -O2 -Wall -Wno-sign-compare -Wpointer-arith -Wdeclaration-after-statement -Wformat-security -Wswitch-enum  conftest.c >&5
configure:6080: $? = 0
configure:6088: result: yes
configure:6097: checking whether gcc accepts -Wunused-parameter
configure:6115: gcc -c -g -O2 -Wall -Wno-sign-compare -Wpointer-arith -Wdeclaration-after-statement -Wformat-security -Wswitch-enum -Wunused-parameter  conftest.c >&5
configure:6115: $? = 0
configure:6123: result: yes
configure:6132: checking whether gcc accepts -Wstrict-aliasing
configure:6150: gcc -c -g -O2 -Wall -Wno-sign-compare -Wpointer-arith -Wdeclaration-after-statement -Wformat-security -Wswitch-enum -Wunused-parameter -Wstrict-aliasing  conftest.c >&5
configure:6150: $? = 0
configure:6158: result: yes
configure:6167: checking whether gcc accepts -Wbad-function-cast
configure:6185: gcc -c -g -O2 -Wall -Wno-sign-compare -Wpointer-arith -Wdeclaration-after-statement -Wformat-security -Wswitch-enum -Wunused-parameter -Wstrict-aliasing -Wbad-function-cast  conftest.c >&5
configure:6185: $? = 0
configure:6193: result: yes
configure:6202: checking whether gcc accepts -Wcast-align
configure:6220: gcc -c -g -O2 -Wall -Wno-sign-compare -Wpointer-arith -Wdeclaration-after-statement -Wformat-security -Wswitch-enum -Wunused-parameter -Wstrict-aliasing -Wbad-function-cast -Wcast-align  conftest.c >&5
configure:6220: $? = 0
configure:6228: result: yes
configure:6237: checking whether gcc accepts -Wstrict-prototypes
configure:6255: gcc -c -g -O2 -Wall -Wno-sign-compare -Wpointer-arith -Wdeclaration-after-statement -Wformat-security -Wswitch-enum -Wunused-parameter -Wstrict-aliasing -Wbad-function-cast -Wcast-align -Wstrict-prototypes  conftest.c >&5
conftest.c:34:1: warning: function declaration isn't a prototype [-Wstrict-prototypes]
configure:6255: $? = 0
configure:6263: result: yes
configure:6272: checking whether gcc accepts -Wold-style-definition
configure:6290: gcc -c -g -O2 -Wall -Wno-sign-compare -Wpointer-arith -Wdeclaration-after-statement -Wformat-security -Wswitch-enum -Wunused-parameter -Wstrict-aliasing -Wbad-function-cast -Wcast-align -Wstrict-prototypes -Wold-style-definition  conftest.c >&5
conftest.c:34:1: warning: function declaration isn't a prototype [-Wstrict-prototypes]
conftest.c: In function 'main':
conftest.c:34:1: warning: old-style function definition [-Wold-style-definition]
configure:6290: $? = 0
configure:6298: result: yes
configure:6307: checking whether gcc accepts -Wmissing-prototypes
configure:6325: gcc -c -g -O2 -Wall -Wno-sign-compare -Wpointer-arith -Wdeclaration-after-statement -Wformat-security -Wswitch-enum -Wunused-parameter -Wstrict-aliasing -Wbad-function-cast -Wcast-align -Wstrict-prototypes -Wold-style-definition -Wmissing-prototypes  conftest.c >&5
conftest.c:34:1: warning: function declaration isn't a prototype [-Wstrict-prototypes]
conftest.c: In function 'main':
conftest.c:34:1: warning: old-style function definition [-Wold-style-definition]
configure:6325: $? = 0
configure:6333: result: yes
configure:6342: checking whether gcc accepts -Wmissing-field-initializers
configure:6360: gcc -c -g -O2 -Wall -Wno-sign-compare -Wpointer-arith -Wdeclaration-after-statement -Wformat-security -Wswitch-enum -Wunused-parameter -Wstrict-aliasing -Wbad-function-cast -Wcast-align -Wstrict-prototypes -Wold-style-definition -Wmissing-prototypes -Wmissing-field-initializers  conftest.c >&5
conftest.c:34:1: warning: function declaration isn't a prototype [-Wstrict-prototypes]
conftest.c: In function 'main':
conftest.c:34:1: warning: old-style function definition [-Wold-style-definition]
configure:6360: $? = 0
configure:6368: result: yes
configure:6377: checking whether gcc accepts -Wno-override-init
configure:6395: gcc -c -g -O2 -Wall -Wno-sign-compare -Wpointer-arith -Wdeclaration-after-statement -Wformat-security -Wswitch-enum -Wunused-parameter -Wstrict-aliasing -Wbad-function-cast -Wcast-align -Wstrict-prototypes -Wold-style-definition -Wmissing-prototypes -Wmissing-field-initializers -Wno-override-init  conftest.c >&5
conftest.c:34:1: warning: function declaration isn't a prototype [-Wstrict-prototypes]
conftest.c: In function 'main':
conftest.c:34:1: warning: old-style function definition [-Wold-style-definition]
configure:6395: $? = 0
configure:6403: result: yes
configure:6596: creating ./config.status

## ---------------------- ##
## Running config.status. ##
## ---------------------- ##

This file was extended by openflow config.status 1.3.0, which was
generated by GNU Autoconf 2.69.  Invocation command line was

  CONFIG_FILES    = 
  CONFIG_HEADERS  = 
  CONFIG_LINKS    = 
  CONFIG_COMMANDS = 
  $ ./config.status 

on mininet-vm

config.status:902: creating Makefile
config.status:902: creating config.h
config.status:1083: config.h is unchanged
config.status:1131: executing depfiles commands

## ---------------- ##
## Cache variables. ##
## ---------------- ##

ac_cv_c_compiler_gnu=yes
ac_cv_cxx_compiler_gnu=yes
ac_cv_env_CCC_set=
ac_cv_env_CCC_value=
ac_cv_env_CC_set=
ac_cv_env_CC_value=
ac_cv_env_CFLAGS_set=
ac_cv_env_CFLAGS_value=
ac_cv_env_CPPFLAGS_set=
ac_cv_env_CPPFLAGS_value=
ac_cv_env_CPP_set=
ac_cv_env_CPP_value=
ac_cv_env_CXXFLAGS_set=
ac_cv_env_CXXFLAGS_value=
ac_cv_env_CXX_set=
ac_cv_env_CXX_value=
ac_cv_env_KARCH_set=
ac_cv_env_KARCH_value=
ac_cv_env_LDFLAGS_set=
ac_cv_env_LDFLAGS_value=
ac_cv_env_LIBS_set=
ac_cv_env_LIBS_value=
ac_cv_env_PERL_set=
ac_cv_env_PERL_value=
ac_cv_env_PKG_CONFIG_LIBDIR_set=
ac_cv_env_PKG_CONFIG_LIBDIR_value=
ac_cv_env_PKG_CONFIG_PATH_set=
ac_cv_env_PKG_CONFIG_PATH_value=
ac_cv_env_PKG_CONFIG_set=
ac_cv_env_PKG_CONFIG_value=
ac_cv_env_SSL_CFLAGS_set=
ac_cv_env_SSL_CFLAGS_value=
ac_cv_env_SSL_LIBS_set=
ac_cv_env_SSL_LIBS_value=
ac_cv_env_build_alias_set=
ac_cv_env_build_alias_value=
ac_cv_env_host_alias_set=
ac_cv_env_host_alias_value=
ac_cv_env_target_alias_set=
ac_cv_env_target_alias_value=
ac_cv_func_strlcpy=no
ac_cv_func_strsignal=yes
ac_cv_header_inttypes_h=yes
ac_cv_header_linux_netlink_h=yes
ac_cv_header_memory_h=yes
ac_cv_header_minix_config_h=no
ac_cv_header_net_if_packet_h=yes
ac_cv_header_stdc=yes
ac_cv_header_stdint_h=yes
ac_cv_header_stdlib_h=yes
ac_cv_header_string_h=yes
ac_cv_header_strings_h=yes
ac_cv_header_sys_stat_h=yes
ac_cv_header_sys_types_h=yes
ac_cv_header_unistd_h=yes
ac_cv_lib_dl_dladdr=yes
ac_cv_lib_nbee_nbGetLastError=yes
ac_cv_lib_socket_connect=no
ac_cv_objext=o
ac_cv_path_EGREP='/bin/grep -E'
ac_cv_path_GREP=/bin/grep
ac_cv_path_PERL=/usr/bin/perl
ac_cv_path_ac_pt_PKG_CONFIG=/usr/bin/pkg-config
ac_cv_path_install='/usr/bin/install -c'
ac_cv_path_mkdir=/bin/mkdir
ac_cv_prog_AWK=mawk
ac_cv_prog_CPP='gcc -E'
ac_cv_prog_HAVE_DPKG_BUILDPACKAGE=yes
ac_cv_prog_ac_ct_CC=gcc
ac_cv_prog_ac_ct_CXX=g++
ac_cv_prog_ac_ct_RANLIB=ranlib
ac_cv_prog_cc_c89=
ac_cv_prog_cc_g=yes
ac_cv_prog_cc_gcc_c_o=yes
ac_cv_prog_cxx_g=yes
ac_cv_prog_make_make_set=yes
ac_cv_safe_to_define___extensions__=yes
ac_cv_search_gethostbyname='none required'
ac_cv_sys_file_offset_bits=no
ac_cv_sys_largefile_CC=no
am_cv_CC_dependencies_compiler_type=gcc3
am_cv_CXX_dependencies_compiler_type=gcc3
ofp_cv__Wall=yes
ofp_cv__Wbad_function_cast=yes
ofp_cv__Wcast_align=yes
ofp_cv__Wdeclaration_after_statement=yes
ofp_cv__Wformat_security=yes
ofp_cv__Wmissing_field_initializers=yes
ofp_cv__Wmissing_prototypes=yes
ofp_cv__Wno_override_init=yes
ofp_cv__Wno_sign_compare=yes
ofp_cv__Wold_style_definition=yes
ofp_cv__Wpointer_arith=yes
ofp_cv__Wstrict_aliasing=yes
ofp_cv__Wstrict_prototypes=yes
ofp_cv__Wswitch_enum=yes
ofp_cv__Wunused_parameter=yes
ofp_cv_malloc_hooks=yes

## ----------------- ##
## Output variables. ##
## ----------------- ##

ACLOCAL='${SHELL} /home/mininet/of13ofswitch.bme/build-aux/missing --run aclocal-1.11'
AMDEPBACKSLASH='\'
AMDEP_FALSE='#'
AMDEP_TRUE=''
AMTAR='$${TAR-tar}'
AUTOCONF='${SHELL} /home/mininet/of13ofswitch.bme/build-aux/missing --run autoconf'
AUTOHEADER='${SHELL} /home/mininet/of13ofswitch.bme/build-aux/missing --run autoheader'
AUTOMAKE='${SHELL} /home/mininet/of13ofswitch.bme/build-aux/missing --run automake-1.11'
AWK='mawk'
BUILDNR='0'
BUILD_HW_LIBS_FALSE=''
BUILD_HW_LIBS_TRUE='#'
CC='gcc'
CCDEPMODE='depmode=gcc3'
CFLAGS='-g -O2 -Wall -Wno-sign-compare -Wpointer-arith -Wdeclaration-after-statement -Wformat-security -Wswitch-enum -Wunused-parameter -Wstrict-aliasing -Wbad-function-cast -Wcast-align -Wstrict-prototypes -Wold-style-definition -Wmissing-prototypes -Wmissing-field-initializers -Wno-override-init'
CPP='gcc -E'
CPPFLAGS=''
CXX='g++'
CXXDEPMODE='depmode=gcc3'
CXXFLAGS='-g -O2'
CYGPATH_W='echo'
DEFS='-DHAVE_CONFIG_H'
DEPDIR='.deps'
ECHO_C=''
ECHO_N='-n'
ECHO_T=''
EGREP='/bin/grep -E'
EXEEXT=''
FAULT_LIBS='-ldl'
GREP='/bin/grep'
HAVE_DPKG_BUILDPACKAGE='yes'
HAVE_DPKG_BUILDPACKAGE_FALSE='#'
HAVE_DPKG_BUILDPACKAGE_TRUE=''
HAVE_IF_PACKET_FALSE='#'
HAVE_IF_PACKET_TRUE=''
HAVE_NETLINK_FALSE='#'
HAVE_NETLINK_TRUE=''
HAVE_OPENSSL_FALSE=''
HAVE_OPENSSL_TRUE='#'
HW_LIB=''
HW_TABLES=''
INSTALL_DATA='${INSTALL} -m 644'
INSTALL_PROGRAM='${INSTALL}'
INSTALL_SCRIPT='${INSTALL}'
INSTALL_STRIP_PROGRAM='$(install_sh) -c -s'
KARCH=''
LB4G_FALSE=''
LB4G_TRUE='#'
LDFLAGS=''
LIBOBJS=''
LIBS='-lnbee '
LOGDIR='${localstatedir}/log/${PACKAGE}'
LTLIBOBJS=''
MAKEINFO='${SHELL} /home/mininet/of13ofswitch.bme/build-aux/missing --run makeinfo'
MKDIR_P='/bin/mkdir -p'
NDEBUG_FALSE=''
NDEBUG_TRUE='#'
NF2_FALSE=''
NF2_TRUE='#'
OBJEXT='o'
PACKAGE='openflow'
PACKAGE_BUGREPORT='openflow-discuss@openflowswitch.org'
PACKAGE_NAME='openflow'
PACKAGE_STRING='openflow 1.3.0'
PACKAGE_TARNAME='openflow'
PACKAGE_URL=''
PACKAGE_VERSION='1.3.0'
PATH_SEPARATOR=':'
PERL='/usr/bin/perl'
PKG_CONFIG='/usr/bin/pkg-config'
PKG_CONFIG_LIBDIR=''
PKG_CONFIG_PATH=''
PKIDIR='${pkgdatadir}/pki'
RANLIB='ranlib'
RUNDIR='${localstatedir}/run'
SCORREF_FALSE=''
SCORREF_TRUE='#'
SET_MAKE=''
SHELL='/bin/bash'
SSL_CFLAGS=''
SSL_LIBS=''
STRIP=''
T2REF_FALSE=''
T2REF_TRUE='#'
VERSION='1.3.0'
ac_ct_CC='gcc'
ac_ct_CXX='g++'
am__EXEEXT_FALSE=''
am__EXEEXT_TRUE='#'
am__fastdepCC_FALSE='#'
am__fastdepCC_TRUE=''
am__fastdepCXX_FALSE='#'
am__fastdepCXX_TRUE=''
am__include='include'
am__isrc=''
am__leading_dot='.'
am__nodep='_no'
am__quote=''
am__tar='$${TAR-tar} chof - "$$tardir"'
am__untar='$${TAR-tar} xf -'
bindir='${exec_prefix}/bin'
build_alias=''
datadir='${datarootdir}'
datarootdir='${prefix}/share'
docdir='${datarootdir}/doc/${PACKAGE_TARNAME}'
dvidir='${docdir}'
exec_prefix='${prefix}'
host_alias=''
htmldir='${docdir}'
includedir='${prefix}/include'
infodir='${datarootdir}/info'
install_sh='${SHELL} /home/mininet/of13ofswitch.bme/build-aux/install-sh'
libdir='${exec_prefix}/lib'
libexecdir='${exec_prefix}/libexec'
localedir='${datarootdir}/locale'
localstatedir='${prefix}/var'
mandir='${datarootdir}/man'
mkdir_p='/bin/mkdir -p'
oldincludedir='/usr/include'
pdfdir='${docdir}'
prefix='/usr/local'
program_transform_name='s,x,x,'
psdir='${docdir}'
sbindir='${exec_prefix}/sbin'
sharedstatedir='${prefix}/com'
sysconfdir='${prefix}/etc'
target_alias=''

## ----------- ##
## confdefs.h. ##
## ----------- ##

/* confdefs.h */
#define PACKAGE_NAME "openflow"
#define PACKAGE_TARNAME "openflow"
#define PACKAGE_VERSION "1.3.0"
#define PACKAGE_STRING "openflow 1.3.0"
#define PACKAGE_BUGREPORT "openflow-discuss@openflowswitch.org"
#define PACKAGE_URL ""
#define BUILDNR ""
#define PACKAGE "openflow"
#define VERSION "1.3.0"
#define STDC_HEADERS 1
#define HAVE_SYS_TYPES_H 1
#define HAVE_SYS_STAT_H 1
#define HAVE_STDLIB_H 1
#define HAVE_STRING_H 1
#define HAVE_MEMORY_H 1
#define HAVE_STRINGS_H 1
#define HAVE_INTTYPES_H 1
#define HAVE_STDINT_H 1
#define HAVE_UNISTD_H 1
#define __EXTENSIONS__ 1
#define _ALL_SOURCE 1
#define _GNU_SOURCE 1
#define _POSIX_PTHREAD_SEMANTICS 1
#define _TANDEM_SOURCE 1
#define HAVE_NETLINK 1
#define HAVE_MALLOC_HOOKS 1
#define HAVE_IF_PACKET 1
#define HAVE_LIBNBEE 1
#define HAVE_STRSIGNAL 1

configure: exit 0

## ---------------------- ##
## Running config.status. ##
## ---------------------- ##

This file was extended by openflow config.status 1.3.0, which was
generated by GNU Autoconf 2.69.  Invocation command line was

  CONFIG_FILES    = 
  CONFIG_HEADERS  = 
  CONFIG_LINKS    = 
  CONFIG_COMMANDS = 
  $ ./config.status Makefile depfiles

on mininet-vm

config.status:902: creating Makefile
config.status:1131: executing depfiles commands
